0    [main] INFO  org.eclipse.jetty.server.Server  – jetty-8.1.10.v20130312
38   [main] INFO  org.eclipse.jetty.deploy.providers.ScanningAppProvider  – Deployment monitor /home/ubuntu/workspace/jetty/contexts at interval 0
45   [main] INFO  org.eclipse.jetty.deploy.DeploymentManager  – Deployable added: /home/ubuntu/workspace/jetty/contexts/solr.xml
1246 [main] INFO  org.eclipse.jetty.webapp.StandardDescriptorProcessor  – NO JSP Support for /solr, did not find org.apache.jasper.servlet.JspServlet
1309 [main] INFO  org.apache.solr.servlet.SolrDispatchFilter  – SolrDispatchFilter.init()
1332 [main] INFO  org.apache.solr.core.SolrResourceLoader  – JNDI not configured for solr (NoInitialContextEx)
1332 [main] INFO  org.apache.solr.core.SolrResourceLoader  – using system property solr.solr.home: /home/ubuntu/workspace/jetty/solr
1333 [main] INFO  org.apache.solr.core.SolrResourceLoader  – new SolrResourceLoader for directory: '/home/ubuntu/workspace/jetty/solr/'
1335 [main] INFO  org.apache.solr.core.SolrResourceLoader  – Adding 'file:/home/ubuntu/workspace/jetty/solr/lib/contrib/' to classloader
1336 [main] INFO  org.apache.solr.core.SolrResourceLoader  – Adding 'file:/home/ubuntu/workspace/jetty/solr/lib/solr-clustering-4.10.3.jar' to classloader
1336 [main] INFO  org.apache.solr.core.SolrResourceLoader  – Adding 'file:/home/ubuntu/workspace/jetty/solr/lib/solr-analysis-extras-4.10.3.jar' to classloader
1337 [main] INFO  org.apache.solr.core.SolrResourceLoader  – Adding 'file:/home/ubuntu/workspace/jetty/solr/lib/solr-langid-4.10.3.jar' to classloader
1499 [main] INFO  org.apache.solr.core.ConfigSolr  – Loading container configuration from /home/ubuntu/workspace/jetty/solr/solr.xml
1650 [main] INFO  org.apache.solr.core.CoresLocator  – Config-defined core root directory: /home/ubuntu/workspace/jetty/solr
1660 [main] INFO  org.apache.solr.core.CoreContainer  – New CoreContainer 1110234130
1660 [main] INFO  org.apache.solr.core.CoreContainer  – Loading cores into CoreContainer [instanceDir=/home/ubuntu/workspace/jetty/solr/]
1662 [main] INFO  org.apache.solr.core.CoreContainer  – loading shared library: /home/ubuntu/workspace/jetty/solr/lib
1663 [main] INFO  org.apache.solr.core.SolrResourceLoader  – Adding 'file:/home/ubuntu/workspace/jetty/solr/lib/contrib/' to classloader
1663 [main] INFO  org.apache.solr.core.SolrResourceLoader  – Adding 'file:/home/ubuntu/workspace/jetty/solr/lib/solr-clustering-4.10.3.jar' to classloader
1664 [main] INFO  org.apache.solr.core.SolrResourceLoader  – Adding 'file:/home/ubuntu/workspace/jetty/solr/lib/solr-analysis-extras-4.10.3.jar' to classloader
1664 [main] INFO  org.apache.solr.core.SolrResourceLoader  – Adding 'file:/home/ubuntu/workspace/jetty/solr/lib/solr-langid-4.10.3.jar' to classloader
1687 [main] INFO  org.apache.solr.handler.component.HttpShardHandlerFactory  – Setting socketTimeout to: 0
1688 [main] INFO  org.apache.solr.handler.component.HttpShardHandlerFactory  – Setting urlScheme to: null
1691 [main] INFO  org.apache.solr.handler.component.HttpShardHandlerFactory  – Setting connTimeout to: 0
1692 [main] INFO  org.apache.solr.handler.component.HttpShardHandlerFactory  – Setting maxConnectionsPerHost to: 20
1692 [main] INFO  org.apache.solr.handler.component.HttpShardHandlerFactory  – Setting corePoolSize to: 0
1692 [main] INFO  org.apache.solr.handler.component.HttpShardHandlerFactory  – Setting maximumPoolSize to: 2147483647
1692 [main] INFO  org.apache.solr.handler.component.HttpShardHandlerFactory  – Setting maxThreadIdleTime to: 5
1693 [main] INFO  org.apache.solr.handler.component.HttpShardHandlerFactory  – Setting sizeOfQueue to: -1
1693 [main] INFO  org.apache.solr.handler.component.HttpShardHandlerFactory  – Setting fairnessPolicy to: false
1969 [main] INFO  org.apache.solr.update.UpdateShardHandler  – Creating UpdateShardHandler HTTP client with params: socketTimeout=0&connTimeout=0&retry=false
1972 [main] INFO  org.apache.solr.logging.LogWatcher  – SLF4J impl is org.slf4j.impl.Log4jLoggerFactory
1972 [main] INFO  org.apache.solr.logging.LogWatcher  – Registering Log Listener [Log4j (org.slf4j.impl.Log4jLoggerFactory)]
1974 [main] INFO  org.apache.solr.core.CoreContainer  – Host Name: 
2013 [main] INFO  org.apache.solr.core.CoresLocator  – Looking for core definitions underneath /home/ubuntu/workspace/jetty/solr
2026 [main] INFO  org.apache.solr.core.CoresLocator  – Found core blacklight-core in /home/ubuntu/workspace/jetty/solr/blacklight-core/
2026 [main] INFO  org.apache.solr.core.CoresLocator  – Found 1 core definitions
2028 [coreLoadExecutor-5-thread-1] INFO  org.apache.solr.core.SolrResourceLoader  – new SolrResourceLoader for directory: '/home/ubuntu/workspace/jetty/solr/blacklight-core/'
2073 [coreLoadExecutor-5-thread-1] INFO  org.apache.solr.core.SolrConfig  – Adding specified lib dirs to ClassLoader
2074 [coreLoadExecutor-5-thread-1] INFO  org.apache.solr.core.SolrResourceLoader  – Adding 'file:/home/ubuntu/workspace/jetty/solr/lib/contrib/analysis-extras/lib/morfologik-stemming-1.7.1.jar' to classloader
2074 [coreLoadExecutor-5-thread-1] INFO  org.apache.solr.core.SolrResourceLoader  – Adding 'file:/home/ubuntu/workspace/jetty/solr/lib/contrib/analysis-extras/lib/morfologik-polish-1.7.1.jar' to classloader
2074 [coreLoadExecutor-5-thread-1] INFO  org.apache.solr.core.SolrResourceLoader  – Adding 'file:/home/ubuntu/workspace/jetty/solr/lib/contrib/analysis-extras/lib/morfologik-fsa-1.7.1.jar' to classloader
2074 [coreLoadExecutor-5-thread-1] INFO  org.apache.solr.core.SolrResourceLoader  – Adding 'file:/home/ubuntu/workspace/jetty/solr/lib/contrib/analysis-extras/lib/icu4j-53.1.jar' to classloader
2075 [coreLoadExecutor-5-thread-1] INFO  org.apache.solr.core.SolrResourceLoader  – Adding 'file:/home/ubuntu/workspace/jetty/solr/lib/contrib/analysis-extras/lucene-libs/lucene-analyzers-smartcn-4.10.3.jar' to classloader
2075 [coreLoadExecutor-5-thread-1] INFO  org.apache.solr.core.SolrResourceLoader  – Adding 'file:/home/ubuntu/workspace/jetty/solr/lib/contrib/analysis-extras/lucene-libs/lucene-analyzers-stempel-4.10.3.jar' to classloader
2075 [coreLoadExecutor-5-thread-1] INFO  org.apache.solr.core.SolrResourceLoader  – Adding 'file:/home/ubuntu/workspace/jetty/solr/lib/contrib/analysis-extras/lucene-libs/lucene-analyzers-icu-4.10.3.jar' to classloader
2076 [coreLoadExecutor-5-thread-1] INFO  org.apache.solr.core.SolrResourceLoader  – Adding 'file:/home/ubuntu/workspace/jetty/solr/lib/contrib/analysis-extras/lucene-libs/lucene-analyzers-morfologik-4.10.3.jar' to classloader
2200 [coreLoadExecutor-5-thread-1] INFO  org.apache.solr.core.SolrConfig  – Using Lucene MatchVersion: 4.0.0
2400 [coreLoadExecutor-5-thread-1] INFO  org.apache.solr.core.Config  – Loaded SolrConfig: solrconfig.xml
2406 [coreLoadExecutor-5-thread-1] INFO  org.apache.solr.schema.IndexSchema  – Reading Solr Schema from /home/ubuntu/workspace/jetty/solr/blacklight-core/conf/schema.xml
2454 [coreLoadExecutor-5-thread-1] INFO  org.apache.solr.schema.IndexSchema  – [blacklight-core] Schema name=Blacklight Demo Index
2606 [coreLoadExecutor-5-thread-1] WARN  org.apache.solr.core.SolrResourceLoader  – Solr loaded a deprecated plugin/analysis class [solr.IntField]. Please consult documentation how to replace it accordingly.
2611 [coreLoadExecutor-5-thread-1] WARN  org.apache.solr.core.SolrResourceLoader  – Solr loaded a deprecated plugin/analysis class [solr.LongField]. Please consult documentation how to replace it accordingly.
2616 [coreLoadExecutor-5-thread-1] WARN  org.apache.solr.core.SolrResourceLoader  – Solr loaded a deprecated plugin/analysis class [solr.FloatField]. Please consult documentation how to replace it accordingly.
2621 [coreLoadExecutor-5-thread-1] WARN  org.apache.solr.core.SolrResourceLoader  – Solr loaded a deprecated plugin/analysis class [solr.DoubleField]. Please consult documentation how to replace it accordingly.
2625 [coreLoadExecutor-5-thread-1] WARN  org.apache.solr.core.SolrResourceLoader  – Solr loaded a deprecated plugin/analysis class [solr.DateField]. Please consult documentation how to replace it accordingly.
3398 [coreLoadExecutor-5-thread-1] INFO  org.apache.solr.schema.IndexSchema  – default search field in schema is text
3399 [coreLoadExecutor-5-thread-1] INFO  org.apache.solr.schema.IndexSchema  – query parser default operator is OR
3400 [coreLoadExecutor-5-thread-1] INFO  org.apache.solr.schema.IndexSchema  – unique key field: id
3551 [coreLoadExecutor-5-thread-1] INFO  org.apache.solr.core.CoreContainer  – Creating SolrCore 'blacklight-core' using configuration from instancedir /home/ubuntu/workspace/jetty/solr/blacklight-core/
3587 [coreLoadExecutor-5-thread-1] INFO  org.apache.solr.core.SolrCore  – solr.StandardDirectoryFactory
3594 [coreLoadExecutor-5-thread-1] INFO  org.apache.solr.core.SolrCore  – [blacklight-core] Opening new SolrCore at /home/ubuntu/workspace/jetty/solr/blacklight-core/, dataDir=/home/ubuntu/workspace/jetty/solr/blacklight-core/data/
3595 [coreLoadExecutor-5-thread-1] INFO  org.apache.solr.core.SolrCore  – JMX monitoring not detected for core: blacklight-core
3615 [coreLoadExecutor-5-thread-1] INFO  org.apache.solr.core.CachingDirectoryFactory  – return new directory for /home/ubuntu/workspace/jetty/solr/blacklight-core/data
3625 [coreLoadExecutor-5-thread-1] INFO  org.apache.solr.core.SolrCore  – New index directory detected: old=null new=/home/ubuntu/workspace/jetty/solr/blacklight-core/data/index/
3626 [coreLoadExecutor-5-thread-1] INFO  org.apache.solr.core.CachingDirectoryFactory  – return new directory for /home/ubuntu/workspace/jetty/solr/blacklight-core/data/index
3776 [coreLoadExecutor-5-thread-1] INFO  org.apache.solr.core.SolrCore  – no updateRequestProcessorChain defined as default, creating implicit default
3788 [coreLoadExecutor-5-thread-1] INFO  org.apache.solr.core.RequestHandlers  – created /update: org.apache.solr.handler.UpdateRequestHandler
3788 [coreLoadExecutor-5-thread-1] INFO  org.apache.solr.core.RequestHandlers  – created /update/json: org.apache.solr.handler.UpdateRequestHandler
3789 [coreLoadExecutor-5-thread-1] INFO  org.apache.solr.core.RequestHandlers  – created /update/csv: org.apache.solr.handler.UpdateRequestHandler
3789 [coreLoadExecutor-5-thread-1] INFO  org.apache.solr.core.RequestHandlers  – created /update/json/docs: org.apache.solr.handler.UpdateRequestHandler
3789 [coreLoadExecutor-5-thread-1] INFO  org.apache.solr.core.RequestHandlers  – adding lazy requestHandler: solr.ReplicationHandler
3790 [coreLoadExecutor-5-thread-1] INFO  org.apache.solr.core.RequestHandlers  – created /replication: solr.ReplicationHandler
3804 [coreLoadExecutor-5-thread-1] INFO  org.apache.solr.core.RequestHandlers  – created standard: solr.StandardRequestHandler
3804 [coreLoadExecutor-5-thread-1] INFO  org.apache.solr.core.RequestHandlers  – adding lazy requestHandler: solr.FieldAnalysisRequestHandler
3804 [coreLoadExecutor-5-thread-1] INFO  org.apache.solr.core.RequestHandlers  – created /analysis/field: solr.FieldAnalysisRequestHandler
3806 [coreLoadExecutor-5-thread-1] WARN  org.apache.solr.core.RequestHandlers  – Multiple requestHandler registered to the same name: /update ignoring: org.apache.solr.handler.UpdateRequestHandler
3806 [coreLoadExecutor-5-thread-1] INFO  org.apache.solr.core.RequestHandlers  – created /update: solr.UpdateRequestHandler
3814 [coreLoadExecutor-5-thread-1] INFO  org.apache.solr.core.RequestHandlers  – created /admin/: org.apache.solr.handler.admin.AdminHandlers
3816 [coreLoadExecutor-5-thread-1] INFO  org.apache.solr.core.RequestHandlers  – created /admin/ping: solr.PingRequestHandler
3825 [coreLoadExecutor-5-thread-1] INFO  org.apache.solr.core.RequestHandlers  – created search: solr.SearchHandler
3825 [coreLoadExecutor-5-thread-1] INFO  org.apache.solr.core.RequestHandlers  – created document: solr.SearchHandler
3826 [coreLoadExecutor-5-thread-1] INFO  org.apache.solr.core.RequestHandlers  – created advanced: solr.SearchHandler
3861 [coreLoadExecutor-5-thread-1] INFO  org.apache.solr.handler.loader.XMLLoader  – xsltCacheLifetimeSeconds=60
3869 [coreLoadExecutor-5-thread-1] INFO  org.apache.solr.handler.loader.XMLLoader  – xsltCacheLifetimeSeconds=60
3870 [coreLoadExecutor-5-thread-1] INFO  org.apache.solr.handler.loader.XMLLoader  – xsltCacheLifetimeSeconds=60
3876 [coreLoadExecutor-5-thread-1] INFO  org.apache.solr.handler.loader.XMLLoader  – xsltCacheLifetimeSeconds=60
3877 [coreLoadExecutor-5-thread-1] INFO  org.apache.solr.handler.loader.XMLLoader  – xsltCacheLifetimeSeconds=60
3915 [coreLoadExecutor-5-thread-1] INFO  org.apache.solr.core.SolrCore  – Hard AutoCommit: disabled
3915 [coreLoadExecutor-5-thread-1] INFO  org.apache.solr.core.SolrCore  – Soft AutoCommit: disabled
4043 [coreLoadExecutor-5-thread-1] INFO  org.apache.solr.core.SolrCore  – SolrDeletionPolicy.onInit: commits: num=1
	commit{dir=/home/ubuntu/workspace/jetty/solr/blacklight-core/data/index,segFN=segments_3,generation=3}
4043 [coreLoadExecutor-5-thread-1] INFO  org.apache.solr.core.SolrCore  – newest commit generation = 3
4303 [coreLoadExecutor-5-thread-1] INFO  org.apache.solr.search.SolrIndexSearcher  – Opening Searcher@1bcc2820[blacklight-core] main
4310 [coreLoadExecutor-5-thread-1] INFO  org.apache.solr.rest.ManagedResourceStorage  – File-based storage initialized to use dir: /home/ubuntu/workspace/jetty/solr/blacklight-core/conf
4310 [coreLoadExecutor-5-thread-1] INFO  org.apache.solr.rest.RestManager  – Initializing RestManager with initArgs: {storageDir=/home/ubuntu/workspace/jetty/solr/blacklight-core/conf}
4331 [coreLoadExecutor-5-thread-1] INFO  org.apache.solr.rest.ManagedResourceStorage  – Reading _rest_managed.json using file:dir=/home/ubuntu/workspace/jetty/solr/blacklight-core/conf
4341 [coreLoadExecutor-5-thread-1] INFO  org.apache.solr.rest.ManagedResourceStorage  – Loaded LinkedHashMap at path _rest_managed.json using file:dir=/home/ubuntu/workspace/jetty/solr/blacklight-core/conf
4341 [coreLoadExecutor-5-thread-1] INFO  org.apache.solr.rest.ManagedResource  – Loaded initArgs {} for /rest/managed
4341 [coreLoadExecutor-5-thread-1] INFO  org.apache.solr.rest.RestManager  – Initializing 0 registered ManagedResources
4342 [coreLoadExecutor-5-thread-1] INFO  org.apache.solr.handler.component.SpellCheckComponent  – Initializing spell checkers
4354 [coreLoadExecutor-5-thread-1] INFO  org.apache.solr.handler.component.SpellCheckComponent  – Registering newSearcher listener for spellchecker: default
4356 [coreLoadExecutor-5-thread-1] INFO  org.apache.solr.handler.component.SpellCheckComponent  – Registering newSearcher listener for spellchecker: author
4357 [coreLoadExecutor-5-thread-1] INFO  org.apache.solr.handler.component.SpellCheckComponent  – Registering newSearcher listener for spellchecker: subject
4358 [coreLoadExecutor-5-thread-1] INFO  org.apache.solr.handler.component.SpellCheckComponent  – Registering newSearcher listener for spellchecker: title
4359 [coreLoadExecutor-5-thread-1] INFO  org.apache.solr.handler.component.SpellCheckComponent  – No queryConverter defined, using default converter
4372 [coreLoadExecutor-5-thread-1] INFO  org.apache.solr.core.CoreContainer  – registering core: blacklight-core
4372 [searcherExecutor-6-thread-1] INFO  org.apache.solr.core.SolrCore  – [blacklight-core] Registered new searcher Searcher@1bcc2820[blacklight-core] main{StandardDirectoryReader(segments_3:8:nrt _0(4.10.3):C6086 _1(4.10.3):C6544/330:delGen=1 _2(4.10.3):C330)}
4380 [main] INFO  org.apache.solr.servlet.SolrDispatchFilter  – user.dir=/home/ubuntu/workspace/jetty
4381 [main] INFO  org.apache.solr.servlet.SolrDispatchFilter  – SolrDispatchFilter.init() done
4422 [main] INFO  org.eclipse.jetty.server.AbstractConnector  – Started SocketConnector@0.0.0.0:8983
23569 [qtp1587779925-15] INFO  org.apache.solr.core.SolrCore  – UnInverted multi-valued field {field=is_electronic_facet,memSize=4546,tindexSize=54,time=17,phase1=17,nTerms=2,bigTerms=2,termInstances=0,uses=0}
23975 [qtp1587779925-15] INFO  org.apache.solr.core.SolrCore  – UnInverted multi-valued field {field=subject_topic_facet,memSize=100313,tindexSize=1368,time=205,phase1=204,nTerms=6789,bigTerms=0,termInstances=20292,uses=0}
23983 [qtp1587779925-15] INFO  org.apache.solr.core.SolrCore  – UnInverted multi-valued field {field=language_facet,memSize=56297,tindexSize=58,time=2,phase1=1,nTerms=32,bigTerms=1,termInstances=327,uses=0}
23986 [qtp1587779925-15] INFO  org.apache.solr.core.SolrCore  – UnInverted multi-valued field {field=lc_1letter_facet,memSize=4288,tindexSize=0,time=0,phase1=0,nTerms=0,bigTerms=0,termInstances=0,uses=0}
24120 [qtp1587779925-15] INFO  org.apache.solr.core.SolrCore  – UnInverted multi-valued field {field=subject_geo_facet,memSize=56429,tindexSize=128,time=133,phase1=30,nTerms=411,bigTerms=1,termInstances=2324,uses=0}
24125 [qtp1587779925-15] INFO  org.apache.solr.core.SolrCore  – UnInverted multi-valued field {field=subject_era_facet,memSize=56365,tindexSize=117,time=2,phase1=2,nTerms=453,bigTerms=0,termInstances=2044,uses=0}
24132 [qtp1587779925-15] INFO  org.apache.solr.core.SolrCore  – UnInverted multi-valued field {field=subject_name_facet,memSize=61124,tindexSize=501,time=5,phase1=4,nTerms=1648,bigTerms=0,termInstances=2591,uses=0}
24135 [qtp1587779925-15] INFO  org.apache.solr.core.SolrCore  – UnInverted multi-valued field {field=genre_facet,memSize=56213,tindexSize=66,time=1,phase1=0,nTerms=116,bigTerms=0,termInstances=479,uses=0}
24141 [qtp1587779925-15] INFO  org.apache.solr.core.SolrCore  – UnInverted multi-valued field {field=series_facet,memSize=60724,tindexSize=381,time=5,phase1=5,nTerms=1345,bigTerms=1,termInstances=2778,uses=0}
24144 [qtp1587779925-15] INFO  org.apache.solr.core.SolrCore  – UnInverted multi-valued field {field=record_source_facet,memSize=4573,tindexSize=60,time=0,phase1=0,nTerms=2,bigTerms=2,termInstances=0,uses=0}
24364 [qtp1587779925-15] INFO  org.apache.solr.core.SolrCore  – [blacklight-core] webapp=/solr path=/select params={facet=true&sort=score+desc,+pub_date_sort+desc,+title_sort+asc&f.series_facet.facet.limit=11&f.language_facet.facet.sort=count&stats=true&f.subject_topic_facet.facet.limit=21&f.language_facet.facet.limit=11&f.subject_name_facet.facet.sort=count&wt=ruby&rows=10&f.series_facet.facet.sort=count&f.subject_name_facet.facet.limit=11&fl=*&f.subject_geo_facet.facet.limit=11&stats.field=pub_date_sort&f.subject_geo_facet.facet.sort=count&f.genre_facet.facet.limit=11&f.record_source_facet.facet.limit=11&f.subject_era_facet.facet.sort=count&facet.field=is_electronic_facet&facet.field=format&facet.field=pub_date_sort&facet.field=subject_topic_facet&facet.field=language_facet&facet.field=lc_1letter_facet&facet.field=subject_geo_facet&facet.field=subject_era_facet&facet.field=subject_name_facet&facet.field=genre_facet&facet.field=series_facet&facet.field=record_source_facet&qt=search&f.subject_topic_facet.facet.sort=count&f.genre_facet.facet.sort=count&f.subject_era_facet.facet.limit=11} hits=12630 status=0 QTime=1175 
29711 [qtp1587779925-12] INFO  org.apache.solr.core.SolrCore  – [blacklight-core] webapp=/solr path=/select params={facet=true&sort=score+desc,+pub_date_sort+desc,+title_sort+asc&f.series_facet.facet.limit=11&f.language_facet.facet.sort=count&stats=true&f.subject_topic_facet.facet.limit=21&f.language_facet.facet.limit=11&f.subject_name_facet.facet.sort=count&wt=ruby&rows=10&f.series_facet.facet.sort=count&f.subject_name_facet.facet.limit=11&fl=*&f.subject_geo_facet.facet.limit=11&stats.field=pub_date_sort&f.subject_geo_facet.facet.sort=count&f.genre_facet.facet.limit=11&f.record_source_facet.facet.limit=11&f.subject_era_facet.facet.sort=count&facet.field=is_electronic_facet&facet.field=format&facet.field=pub_date_sort&facet.field=subject_topic_facet&facet.field=language_facet&facet.field=lc_1letter_facet&facet.field=subject_geo_facet&facet.field=subject_era_facet&facet.field=subject_name_facet&facet.field=genre_facet&facet.field=series_facet&facet.field=record_source_facet&qt=search&f.subject_topic_facet.facet.sort=count&f.genre_facet.facet.sort=count&f.subject_era_facet.facet.limit=11} hits=12630 status=0 QTime=59 
32430 [qtp1587779925-14] INFO  org.apache.solr.core.SolrCore  – UnInverted multi-valued field {field=lc_alpha_facet,memSize=4288,tindexSize=0,time=0,phase1=0,nTerms=0,bigTerms=0,termInstances=0,uses=0}
32456 [qtp1587779925-14] INFO  org.apache.solr.core.SolrCore  – UnInverted multi-valued field {field=lc_b4cutter_facet,memSize=79034,tindexSize=814,time=24,phase1=24,nTerms=6547,bigTerms=0,termInstances=10252,uses=0}
32466 [qtp1587779925-14] INFO  org.apache.solr.core.SolrCore  – UnInverted multi-valued field {field=pub_date,memSize=56184,tindexSize=56,time=5,phase1=5,nTerms=166,bigTerms=0,termInstances=12565,uses=0}
32472 [qtp1587779925-14] INFO  org.apache.solr.core.SolrCore  – [blacklight-core] webapp=/solr path=/select params={facet=true&sort=score+desc,+pub_date_sort+desc,+title_sort+asc&f.series_facet.facet.limit=11&f.language_facet.facet.sort=count&f.subject_topic_facet.facet.limit=21&f.language_facet.facet.limit=11&f.subject_name_facet.facet.sort=count&wt=ruby&rows=0&f.series_facet.facet.sort=count&f.subject_name_facet.facet.limit=11&fl=*&facet.query=pub_date_sort:[1599+TO+1599]&facet.query=pub_date_sort:[1600+TO+1649]&facet.query=pub_date_sort:[1650+TO+1699]&facet.query=pub_date_sort:[1700+TO+1749]&facet.query=pub_date_sort:[1750+TO+1799]&facet.query=pub_date_sort:[1800+TO+1849]&facet.query=pub_date_sort:[1850+TO+1899]&facet.query=pub_date_sort:[1900+TO+1949]&facet.query=pub_date_sort:[1950+TO+1999]&facet.query=pub_date_sort:[2000+TO+2016]&f.subject_geo_facet.facet.limit=11&f.subject_geo_facet.facet.sort=count&f.genre_facet.facet.limit=11&f.record_source_facet.facet.limit=11&f.subject_era_facet.facet.sort=count&qt=search&f.subject_topic_facet.facet.sort=count&f.genre_facet.facet.sort=count&f.subject_era_facet.facet.limit=11} hits=12630 status=0 QTime=86 
33850 [qtp1587779925-13] INFO  org.apache.solr.core.SolrCore  – [blacklight-core] webapp=/solr path=/select params={id=ocn959618722&qt=document&wt=ruby} hits=1 status=0 QTime=4 
33868 [qtp1587779925-16] INFO  org.apache.solr.core.SolrCore  – [blacklight-core] webapp=/solr path=/select params={facet=false&sort=score+desc,+pub_date_sort+desc,+title_sort+asc&f.series_facet.facet.limit=11&f.language_facet.facet.sort=count&stats=true&f.subject_topic_facet.facet.limit=21&f.language_facet.facet.limit=11&f.subject_name_facet.facet.sort=count&wt=ruby&rows=2&f.series_facet.facet.sort=count&f.subject_name_facet.facet.limit=11&fl=*&f.subject_geo_facet.facet.limit=11&stats.field=pub_date_sort&f.subject_geo_facet.facet.sort=count&f.genre_facet.facet.limit=11&f.record_source_facet.facet.limit=11&f.subject_era_facet.facet.sort=count&facet.field=is_electronic_facet&facet.field=format&facet.field=pub_date_sort&facet.field=subject_topic_facet&facet.field=language_facet&facet.field=lc_1letter_facet&facet.field=subject_geo_facet&facet.field=subject_era_facet&facet.field=subject_name_facet&facet.field=genre_facet&facet.field=series_facet&facet.field=record_source_facet&qt=search&f.subject_topic_facet.facet.sort=count&f.genre_facet.facet.sort=count&f.subject_era_facet.facet.limit=11} hits=12630 status=0 QTime=4 
36140 [qtp1587779925-18] INFO  org.apache.solr.core.SolrCore  – [blacklight-core] webapp=/solr path=/select params={spellcheck=false&facet=true&f.series_facet.facet.limit=11&sort=score+desc,+pub_date_sort+desc,+title_sort+asc&stats=true&f.subject_topic_facet.facet.limit=21&f.series_facet.facet.sort=count&fl=*&f.subject_geo_facet.facet.sort=count&f.genre_facet.facet.limit=11&facet.field=is_electronic_facet&facet.field=format&facet.field=pub_date_sort&facet.field=subject_topic_facet&facet.field=language_facet&facet.field=lc_1letter_facet&facet.field=subject_geo_facet&facet.field=subject_era_facet&facet.field=subject_name_facet&facet.field=genre_facet&facet.field=series_facet&facet.field=record_source_facet&f.record_source_facet.facet.limit=11&qt=search&f.subject_topic_facet.facet.sort=count&f.genre_facet.facet.sort=count&f.language_facet.facet.sort=count&f.language_facet.facet.limit=11&f.subject_name_facet.facet.sort=count&wt=ruby&rows=10&f.subject_name_facet.facet.limit=11&f.subject_geo_facet.facet.limit=11&stats.field=pub_date_sort&q={!lucene}id:(ocn959618722)&f.subject_era_facet.facet.sort=count&f.subject_era_facet.facet.limit=11} hits=1 status=0 QTime=20 
46064 [qtp1587779925-17] INFO  org.apache.solr.core.SolrCore  – [blacklight-core] webapp=/solr path=/select params={spellcheck=false&facet=true&f.series_facet.facet.limit=11&sort=score+desc,+pub_date_sort+desc,+title_sort+asc&stats=true&f.subject_topic_facet.facet.limit=21&f.series_facet.facet.sort=count&fl=*&f.subject_geo_facet.facet.sort=count&f.genre_facet.facet.limit=11&facet.field=is_electronic_facet&facet.field=format&facet.field=pub_date_sort&facet.field=subject_topic_facet&facet.field=language_facet&facet.field=lc_1letter_facet&facet.field=subject_geo_facet&facet.field=subject_era_facet&facet.field=subject_name_facet&facet.field=genre_facet&facet.field=series_facet&facet.field=record_source_facet&f.record_source_facet.facet.limit=11&qt=search&f.subject_topic_facet.facet.sort=count&f.genre_facet.facet.sort=count&f.language_facet.facet.sort=count&f.language_facet.facet.limit=11&f.subject_name_facet.facet.sort=count&wt=ruby&rows=10&f.subject_name_facet.facet.limit=11&f.subject_geo_facet.facet.limit=11&stats.field=pub_date_sort&q={!lucene}id:(ocn959618722)&f.subject_era_facet.facet.sort=count&f.subject_era_facet.facet.limit=11} hits=1 status=0 QTime=15 
1165438 [qtp1587779925-12] INFO  org.apache.solr.core.SolrCore  – [blacklight-core] webapp=/solr path=/select params={spellcheck=false&facet=true&f.series_facet.facet.limit=11&sort=score+desc,+pub_date_sort+desc,+title_sort+asc&stats=true&f.subject_topic_facet.facet.limit=21&f.series_facet.facet.sort=count&fl=*&f.subject_geo_facet.facet.sort=count&f.genre_facet.facet.limit=11&facet.field=is_electronic_facet&facet.field=format&facet.field=pub_date_sort&facet.field=subject_topic_facet&facet.field=language_facet&facet.field=lc_1letter_facet&facet.field=subject_geo_facet&facet.field=subject_era_facet&facet.field=subject_name_facet&facet.field=genre_facet&facet.field=series_facet&facet.field=record_source_facet&f.record_source_facet.facet.limit=11&qt=search&f.subject_topic_facet.facet.sort=count&f.genre_facet.facet.sort=count&f.language_facet.facet.sort=count&f.language_facet.facet.limit=11&f.subject_name_facet.facet.sort=count&wt=ruby&rows=10&f.subject_name_facet.facet.limit=11&f.subject_geo_facet.facet.limit=11&stats.field=pub_date_sort&q={!lucene}id:(ocn959618722)&f.subject_era_facet.facet.sort=count&f.subject_era_facet.facet.limit=11} hits=1 status=0 QTime=46 
1174752 [qtp1587779925-18] INFO  org.apache.solr.core.SolrCore  – [blacklight-core] webapp=/solr path=/select params={spellcheck=false&facet=true&f.series_facet.facet.limit=11&sort=score+desc,+pub_date_sort+desc,+title_sort+asc&stats=true&f.subject_topic_facet.facet.limit=21&f.series_facet.facet.sort=count&fl=*&f.subject_geo_facet.facet.sort=count&f.genre_facet.facet.limit=11&facet.field=is_electronic_facet&facet.field=format&facet.field=pub_date_sort&facet.field=subject_topic_facet&facet.field=language_facet&facet.field=lc_1letter_facet&facet.field=subject_geo_facet&facet.field=subject_era_facet&facet.field=subject_name_facet&facet.field=genre_facet&facet.field=series_facet&facet.field=record_source_facet&f.record_source_facet.facet.limit=11&qt=search&f.subject_topic_facet.facet.sort=count&f.genre_facet.facet.sort=count&f.language_facet.facet.sort=count&f.language_facet.facet.limit=11&f.subject_name_facet.facet.sort=count&wt=ruby&rows=10&f.subject_name_facet.facet.limit=11&f.subject_geo_facet.facet.limit=11&stats.field=pub_date_sort&q={!lucene}id:(ocn959618722)&f.subject_era_facet.facet.sort=count&f.subject_era_facet.facet.limit=11} hits=1 status=0 QTime=16 
1329575 [qtp1587779925-15] INFO  org.apache.solr.core.SolrCore  – [blacklight-core] webapp=/solr path=/select params={spellcheck=false&facet=true&f.series_facet.facet.limit=11&sort=score+desc,+pub_date_sort+desc,+title_sort+asc&stats=true&f.subject_topic_facet.facet.limit=21&f.series_facet.facet.sort=count&fl=*&f.subject_geo_facet.facet.sort=count&f.genre_facet.facet.limit=11&facet.field=is_electronic_facet&facet.field=format&facet.field=pub_date_sort&facet.field=subject_topic_facet&facet.field=language_facet&facet.field=lc_1letter_facet&facet.field=subject_geo_facet&facet.field=subject_era_facet&facet.field=subject_name_facet&facet.field=genre_facet&facet.field=series_facet&facet.field=record_source_facet&f.record_source_facet.facet.limit=11&qt=search&f.subject_topic_facet.facet.sort=count&f.genre_facet.facet.sort=count&f.language_facet.facet.sort=count&f.language_facet.facet.limit=11&f.subject_name_facet.facet.sort=count&wt=ruby&rows=10&f.subject_name_facet.facet.limit=11&f.subject_geo_facet.facet.limit=11&stats.field=pub_date_sort&q={!lucene}id:(ocn959618722)&f.subject_era_facet.facet.sort=count&f.subject_era_facet.facet.limit=11} hits=1 status=0 QTime=13 
1347811 [qtp1587779925-14] INFO  org.apache.solr.core.SolrCore  – [blacklight-core] webapp=/solr path=/select params={spellcheck=false&facet=true&f.series_facet.facet.limit=11&sort=score+desc,+pub_date_sort+desc,+title_sort+asc&stats=true&f.subject_topic_facet.facet.limit=21&f.series_facet.facet.sort=count&fl=*&f.subject_geo_facet.facet.sort=count&f.genre_facet.facet.limit=11&facet.field=is_electronic_facet&facet.field=format&facet.field=pub_date_sort&facet.field=subject_topic_facet&facet.field=language_facet&facet.field=lc_1letter_facet&facet.field=subject_geo_facet&facet.field=subject_era_facet&facet.field=subject_name_facet&facet.field=genre_facet&facet.field=series_facet&facet.field=record_source_facet&f.record_source_facet.facet.limit=11&qt=search&f.subject_topic_facet.facet.sort=count&f.genre_facet.facet.sort=count&f.language_facet.facet.sort=count&f.language_facet.facet.limit=11&f.subject_name_facet.facet.sort=count&wt=ruby&rows=10&f.subject_name_facet.facet.limit=11&f.subject_geo_facet.facet.limit=11&stats.field=pub_date_sort&q={!lucene}id:(ocn959618722)&f.subject_era_facet.facet.sort=count&f.subject_era_facet.facet.limit=11} hits=1 status=0 QTime=18 
1353539 [qtp1587779925-13] INFO  org.apache.solr.core.SolrCore  – [blacklight-core] webapp=/solr path=/select params={spellcheck=false&facet=true&f.series_facet.facet.limit=11&sort=score+desc,+pub_date_sort+desc,+title_sort+asc&stats=true&f.subject_topic_facet.facet.limit=21&f.series_facet.facet.sort=count&fl=*&f.subject_geo_facet.facet.sort=count&f.genre_facet.facet.limit=11&facet.field=is_electronic_facet&facet.field=format&facet.field=pub_date_sort&facet.field=subject_topic_facet&facet.field=language_facet&facet.field=lc_1letter_facet&facet.field=subject_geo_facet&facet.field=subject_era_facet&facet.field=subject_name_facet&facet.field=genre_facet&facet.field=series_facet&facet.field=record_source_facet&f.record_source_facet.facet.limit=11&qt=search&f.subject_topic_facet.facet.sort=count&f.genre_facet.facet.sort=count&f.language_facet.facet.sort=count&f.language_facet.facet.limit=11&f.subject_name_facet.facet.sort=count&wt=ruby&rows=10&f.subject_name_facet.facet.limit=11&f.subject_geo_facet.facet.limit=11&stats.field=pub_date_sort&q={!lucene}id:(ocn959618722)&f.subject_era_facet.facet.sort=count&f.subject_era_facet.facet.limit=11} hits=1 status=0 QTime=14 
1358935 [qtp1587779925-17] INFO  org.apache.solr.core.SolrCore  – [blacklight-core] webapp=/solr path=/select params={spellcheck=false&facet=true&f.series_facet.facet.limit=11&sort=score+desc,+pub_date_sort+desc,+title_sort+asc&stats=true&f.subject_topic_facet.facet.limit=21&f.series_facet.facet.sort=count&fl=*&f.subject_geo_facet.facet.sort=count&f.genre_facet.facet.limit=11&facet.field=is_electronic_facet&facet.field=format&facet.field=pub_date_sort&facet.field=subject_topic_facet&facet.field=language_facet&facet.field=lc_1letter_facet&facet.field=subject_geo_facet&facet.field=subject_era_facet&facet.field=subject_name_facet&facet.field=genre_facet&facet.field=series_facet&facet.field=record_source_facet&f.record_source_facet.facet.limit=11&qt=search&f.subject_topic_facet.facet.sort=count&f.genre_facet.facet.sort=count&f.language_facet.facet.sort=count&f.language_facet.facet.limit=11&f.subject_name_facet.facet.sort=count&wt=ruby&rows=10&f.subject_name_facet.facet.limit=11&f.subject_geo_facet.facet.limit=11&stats.field=pub_date_sort&q={!lucene}id:(ocn959618722)&f.subject_era_facet.facet.sort=count&f.subject_era_facet.facet.limit=11} hits=1 status=0 QTime=14 
1408713 [qtp1587779925-13] INFO  org.apache.solr.core.SolrCore  – [blacklight-core] webapp=/solr path=/select params={spellcheck=false&facet=true&f.series_facet.facet.limit=11&sort=score+desc,+pub_date_sort+desc,+title_sort+asc&stats=true&f.subject_topic_facet.facet.limit=21&f.series_facet.facet.sort=count&fl=*&f.subject_geo_facet.facet.sort=count&f.genre_facet.facet.limit=11&facet.field=is_electronic_facet&facet.field=format&facet.field=pub_date_sort&facet.field=subject_topic_facet&facet.field=language_facet&facet.field=lc_1letter_facet&facet.field=subject_geo_facet&facet.field=subject_era_facet&facet.field=subject_name_facet&facet.field=genre_facet&facet.field=series_facet&facet.field=record_source_facet&f.record_source_facet.facet.limit=11&qt=search&f.subject_topic_facet.facet.sort=count&f.genre_facet.facet.sort=count&f.language_facet.facet.sort=count&f.language_facet.facet.limit=11&f.subject_name_facet.facet.sort=count&wt=ruby&rows=10&f.subject_name_facet.facet.limit=11&f.subject_geo_facet.facet.limit=11&stats.field=pub_date_sort&q={!lucene}id:(ocn959618722)&f.subject_era_facet.facet.sort=count&f.subject_era_facet.facet.limit=11} hits=1 status=0 QTime=16 
1423929 [qtp1587779925-19] INFO  org.apache.solr.core.SolrCore  – [blacklight-core] webapp=/solr path=/select params={spellcheck=false&facet=true&f.series_facet.facet.limit=11&sort=score+desc,+pub_date_sort+desc,+title_sort+asc&stats=true&f.subject_topic_facet.facet.limit=21&f.series_facet.facet.sort=count&fl=*&f.subject_geo_facet.facet.sort=count&f.genre_facet.facet.limit=11&facet.field=is_electronic_facet&facet.field=format&facet.field=pub_date_sort&facet.field=subject_topic_facet&facet.field=language_facet&facet.field=lc_1letter_facet&facet.field=subject_geo_facet&facet.field=subject_era_facet&facet.field=subject_name_facet&facet.field=genre_facet&facet.field=series_facet&facet.field=record_source_facet&f.record_source_facet.facet.limit=11&qt=search&f.subject_topic_facet.facet.sort=count&f.genre_facet.facet.sort=count&f.language_facet.facet.sort=count&f.language_facet.facet.limit=11&f.subject_name_facet.facet.sort=count&wt=ruby&rows=10&f.subject_name_facet.facet.limit=11&f.subject_geo_facet.facet.limit=11&stats.field=pub_date_sort&q={!lucene}id:(ocn959618722)&f.subject_era_facet.facet.sort=count&f.subject_era_facet.facet.limit=11} hits=1 status=0 QTime=14 
1444239 [qtp1587779925-11] INFO  org.apache.solr.core.SolrCore  – [blacklight-core] webapp=/solr path=/select params={spellcheck=false&facet=true&f.series_facet.facet.limit=11&sort=score+desc,+pub_date_sort+desc,+title_sort+asc&stats=true&f.subject_topic_facet.facet.limit=21&f.series_facet.facet.sort=count&fl=*&f.subject_geo_facet.facet.sort=count&f.genre_facet.facet.limit=11&facet.field=is_electronic_facet&facet.field=format&facet.field=pub_date_sort&facet.field=subject_topic_facet&facet.field=language_facet&facet.field=lc_1letter_facet&facet.field=subject_geo_facet&facet.field=subject_era_facet&facet.field=subject_name_facet&facet.field=genre_facet&facet.field=series_facet&facet.field=record_source_facet&f.record_source_facet.facet.limit=11&qt=search&f.subject_topic_facet.facet.sort=count&f.genre_facet.facet.sort=count&f.language_facet.facet.sort=count&f.language_facet.facet.limit=11&f.subject_name_facet.facet.sort=count&wt=ruby&rows=10&f.subject_name_facet.facet.limit=11&f.subject_geo_facet.facet.limit=11&stats.field=pub_date_sort&q={!lucene}id:(ocn959618722)&f.subject_era_facet.facet.sort=count&f.subject_era_facet.facet.limit=11} hits=1 status=0 QTime=15 
1449171 [qtp1587779925-15] INFO  org.apache.solr.core.SolrCore  – [blacklight-core] webapp=/solr path=/select params={spellcheck=false&facet=true&f.series_facet.facet.limit=11&sort=score+desc,+pub_date_sort+desc,+title_sort+asc&stats=true&f.subject_topic_facet.facet.limit=21&f.series_facet.facet.sort=count&fl=*&f.subject_geo_facet.facet.sort=count&f.genre_facet.facet.limit=11&facet.field=is_electronic_facet&facet.field=format&facet.field=pub_date_sort&facet.field=subject_topic_facet&facet.field=language_facet&facet.field=lc_1letter_facet&facet.field=subject_geo_facet&facet.field=subject_era_facet&facet.field=subject_name_facet&facet.field=genre_facet&facet.field=series_facet&facet.field=record_source_facet&f.record_source_facet.facet.limit=11&qt=search&f.subject_topic_facet.facet.sort=count&f.genre_facet.facet.sort=count&f.language_facet.facet.sort=count&f.language_facet.facet.limit=11&f.subject_name_facet.facet.sort=count&wt=ruby&rows=10&f.subject_name_facet.facet.limit=11&f.subject_geo_facet.facet.limit=11&stats.field=pub_date_sort&q={!lucene}id:(ocn959618722)&f.subject_era_facet.facet.sort=count&f.subject_era_facet.facet.limit=11} hits=1 status=0 QTime=14 
1464556 [qtp1587779925-12] INFO  org.apache.solr.core.SolrCore  – [blacklight-core] webapp=/solr path=/select params={id=ocn959618722&qt=document&wt=ruby} hits=1 status=0 QTime=2 
1489188 [qtp1587779925-11] INFO  org.apache.solr.core.SolrCore  – [blacklight-core] webapp=/solr path=/select params={spellcheck=false&facet=true&f.series_facet.facet.limit=11&sort=score+desc,+pub_date_sort+desc,+title_sort+asc&stats=true&f.subject_topic_facet.facet.limit=21&f.series_facet.facet.sort=count&fl=*&f.subject_geo_facet.facet.sort=count&f.genre_facet.facet.limit=11&facet.field=is_electronic_facet&facet.field=format&facet.field=pub_date_sort&facet.field=subject_topic_facet&facet.field=language_facet&facet.field=lc_1letter_facet&facet.field=subject_geo_facet&facet.field=subject_era_facet&facet.field=subject_name_facet&facet.field=genre_facet&facet.field=series_facet&facet.field=record_source_facet&f.record_source_facet.facet.limit=11&qt=search&f.subject_topic_facet.facet.sort=count&f.genre_facet.facet.sort=count&f.language_facet.facet.sort=count&f.language_facet.facet.limit=11&f.subject_name_facet.facet.sort=count&wt=ruby&rows=10&f.subject_name_facet.facet.limit=11&f.subject_geo_facet.facet.limit=11&stats.field=pub_date_sort&q={!lucene}id:(ocn959618722)&f.subject_era_facet.facet.sort=count&f.subject_era_facet.facet.limit=11} hits=1 status=0 QTime=100 
1502392 [qtp1587779925-15] INFO  org.apache.solr.core.SolrCore  – [blacklight-core] webapp=/solr path=/select params={spellcheck=false&facet=true&f.series_facet.facet.limit=11&sort=score+desc,+pub_date_sort+desc,+title_sort+asc&stats=true&f.subject_topic_facet.facet.limit=21&f.series_facet.facet.sort=count&fl=*&f.subject_geo_facet.facet.sort=count&f.genre_facet.facet.limit=11&facet.field=is_electronic_facet&facet.field=format&facet.field=pub_date_sort&facet.field=subject_topic_facet&facet.field=language_facet&facet.field=lc_1letter_facet&facet.field=subject_geo_facet&facet.field=subject_era_facet&facet.field=subject_name_facet&facet.field=genre_facet&facet.field=series_facet&facet.field=record_source_facet&f.record_source_facet.facet.limit=11&qt=search&f.subject_topic_facet.facet.sort=count&f.genre_facet.facet.sort=count&f.language_facet.facet.sort=count&f.language_facet.facet.limit=11&f.subject_name_facet.facet.sort=count&wt=ruby&rows=10&f.subject_name_facet.facet.limit=11&f.subject_geo_facet.facet.limit=11&stats.field=pub_date_sort&q={!lucene}id:(ocn959618722)&f.subject_era_facet.facet.sort=count&f.subject_era_facet.facet.limit=11} hits=1 status=0 QTime=381 
1536747 [qtp1587779925-16] INFO  org.apache.solr.core.SolrCore  – [blacklight-core] webapp=/solr path=/select params={spellcheck=false&facet=true&f.series_facet.facet.limit=11&sort=score+desc,+pub_date_sort+desc,+title_sort+asc&stats=true&f.subject_topic_facet.facet.limit=21&f.series_facet.facet.sort=count&fl=*&f.subject_geo_facet.facet.sort=count&f.genre_facet.facet.limit=11&facet.field=is_electronic_facet&facet.field=format&facet.field=pub_date_sort&facet.field=subject_topic_facet&facet.field=language_facet&facet.field=lc_1letter_facet&facet.field=subject_geo_facet&facet.field=subject_era_facet&facet.field=subject_name_facet&facet.field=genre_facet&facet.field=series_facet&facet.field=record_source_facet&f.record_source_facet.facet.limit=11&qt=search&f.subject_topic_facet.facet.sort=count&f.genre_facet.facet.sort=count&f.language_facet.facet.sort=count&f.language_facet.facet.limit=11&f.subject_name_facet.facet.sort=count&wt=ruby&rows=10&f.subject_name_facet.facet.limit=11&f.subject_geo_facet.facet.limit=11&stats.field=pub_date_sort&q={!lucene}id:(ocn959618722)&f.subject_era_facet.facet.sort=count&f.subject_era_facet.facet.limit=11} hits=1 status=0 QTime=6465 
1560370 [qtp1587779925-17] INFO  org.apache.solr.core.SolrCore  – [blacklight-core] webapp=/solr path=/select params={spellcheck=false&facet=true&f.series_facet.facet.limit=11&sort=score+desc,+pub_date_sort+desc,+title_sort+asc&stats=true&f.subject_topic_facet.facet.limit=21&f.series_facet.facet.sort=count&fl=*&f.subject_geo_facet.facet.sort=count&f.genre_facet.facet.limit=11&facet.field=is_electronic_facet&facet.field=format&facet.field=pub_date_sort&facet.field=subject_topic_facet&facet.field=language_facet&facet.field=lc_1letter_facet&facet.field=subject_geo_facet&facet.field=subject_era_facet&facet.field=subject_name_facet&facet.field=genre_facet&facet.field=series_facet&facet.field=record_source_facet&f.record_source_facet.facet.limit=11&qt=search&f.subject_topic_facet.facet.sort=count&f.genre_facet.facet.sort=count&f.language_facet.facet.sort=count&f.language_facet.facet.limit=11&f.subject_name_facet.facet.sort=count&wt=ruby&rows=10&f.subject_name_facet.facet.limit=11&f.subject_geo_facet.facet.limit=11&stats.field=pub_date_sort&q={!lucene}id:(ocn959618722)&f.subject_era_facet.facet.sort=count&f.subject_era_facet.facet.limit=11} hits=1 status=0 QTime=20741 
1582797 [qtp1587779925-12] INFO  org.apache.solr.core.SolrCore  – [blacklight-core] webapp=/solr path=/select params={spellcheck=false&facet=true&f.series_facet.facet.limit=11&sort=score+desc,+pub_date_sort+desc,+title_sort+asc&stats=true&f.subject_topic_facet.facet.limit=21&f.series_facet.facet.sort=count&fl=*&f.subject_geo_facet.facet.sort=count&f.genre_facet.facet.limit=11&facet.field=is_electronic_facet&facet.field=format&facet.field=pub_date_sort&facet.field=subject_topic_facet&facet.field=language_facet&facet.field=lc_1letter_facet&facet.field=subject_geo_facet&facet.field=subject_era_facet&facet.field=subject_name_facet&facet.field=genre_facet&facet.field=series_facet&facet.field=record_source_facet&f.record_source_facet.facet.limit=11&qt=search&f.subject_topic_facet.facet.sort=count&f.genre_facet.facet.sort=count&f.language_facet.facet.sort=count&f.language_facet.facet.limit=11&f.subject_name_facet.facet.sort=count&wt=ruby&rows=10&f.subject_name_facet.facet.limit=11&f.subject_geo_facet.facet.limit=11&stats.field=pub_date_sort&q={!lucene}id:(ocn959618722)&f.subject_era_facet.facet.sort=count&f.subject_era_facet.facet.limit=11} hits=1 status=0 QTime=14415 
1583423 [qtp1587779925-14] INFO  org.apache.solr.core.SolrCore  – [blacklight-core] webapp=/solr path=/select params={spellcheck=false&facet=true&f.series_facet.facet.limit=11&sort=score+desc,+pub_date_sort+desc,+title_sort+asc&stats=true&f.subject_topic_facet.facet.limit=21&f.series_facet.facet.sort=count&fl=*&f.subject_geo_facet.facet.sort=count&f.genre_facet.facet.limit=11&facet.field=is_electronic_facet&facet.field=format&facet.field=pub_date_sort&facet.field=subject_topic_facet&facet.field=language_facet&facet.field=lc_1letter_facet&facet.field=subject_geo_facet&facet.field=subject_era_facet&facet.field=subject_name_facet&facet.field=genre_facet&facet.field=series_facet&facet.field=record_source_facet&f.record_source_facet.facet.limit=11&qt=search&f.subject_topic_facet.facet.sort=count&f.genre_facet.facet.sort=count&f.language_facet.facet.sort=count&f.language_facet.facet.limit=11&f.subject_name_facet.facet.sort=count&wt=ruby&rows=10&f.subject_name_facet.facet.limit=11&f.subject_geo_facet.facet.limit=11&stats.field=pub_date_sort&q={!lucene}id:(ocn959618722)&f.subject_era_facet.facet.sort=count&f.subject_era_facet.facet.limit=11} hits=1 status=0 QTime=49 
1583528 [qtp1587779925-13] INFO  org.apache.solr.core.SolrCore  – [blacklight-core] webapp=/solr path=/select params={spellcheck=false&facet=true&f.series_facet.facet.limit=11&sort=score+desc,+pub_date_sort+desc,+title_sort+asc&stats=true&f.subject_topic_facet.facet.limit=21&f.series_facet.facet.sort=count&fl=*&f.subject_geo_facet.facet.sort=count&f.genre_facet.facet.limit=11&facet.field=is_electronic_facet&facet.field=format&facet.field=pub_date_sort&facet.field=subject_topic_facet&facet.field=language_facet&facet.field=lc_1letter_facet&facet.field=subject_geo_facet&facet.field=subject_era_facet&facet.field=subject_name_facet&facet.field=genre_facet&facet.field=series_facet&facet.field=record_source_facet&f.record_source_facet.facet.limit=11&qt=search&f.subject_topic_facet.facet.sort=count&f.genre_facet.facet.sort=count&f.language_facet.facet.sort=count&f.language_facet.facet.limit=11&f.subject_name_facet.facet.sort=count&wt=ruby&rows=10&f.subject_name_facet.facet.limit=11&f.subject_geo_facet.facet.limit=11&stats.field=pub_date_sort&q={!lucene}id:(ocn959618722)&f.subject_era_facet.facet.sort=count&f.subject_era_facet.facet.limit=11} hits=1 status=0 QTime=51 
1583601 [qtp1587779925-18] INFO  org.apache.solr.core.SolrCore  – [blacklight-core] webapp=/solr path=/select params={spellcheck=false&facet=true&f.series_facet.facet.limit=11&sort=score+desc,+pub_date_sort+desc,+title_sort+asc&stats=true&f.subject_topic_facet.facet.limit=21&f.series_facet.facet.sort=count&fl=*&f.subject_geo_facet.facet.sort=count&f.genre_facet.facet.limit=11&facet.field=is_electronic_facet&facet.field=format&facet.field=pub_date_sort&facet.field=subject_topic_facet&facet.field=language_facet&facet.field=lc_1letter_facet&facet.field=subject_geo_facet&facet.field=subject_era_facet&facet.field=subject_name_facet&facet.field=genre_facet&facet.field=series_facet&facet.field=record_source_facet&f.record_source_facet.facet.limit=11&qt=search&f.subject_topic_facet.facet.sort=count&f.genre_facet.facet.sort=count&f.language_facet.facet.sort=count&f.language_facet.facet.limit=11&f.subject_name_facet.facet.sort=count&wt=ruby&rows=10&f.subject_name_facet.facet.limit=11&f.subject_geo_facet.facet.limit=11&stats.field=pub_date_sort&q={!lucene}id:(ocn959618722)&f.subject_era_facet.facet.sort=count&f.subject_era_facet.facet.limit=11} hits=1 status=0 QTime=26 
1592977 [qtp1587779925-16] INFO  org.apache.solr.core.SolrCore  – [blacklight-core] webapp=/solr path=/select params={spellcheck=false&facet=true&f.series_facet.facet.limit=11&sort=score+desc,+pub_date_sort+desc,+title_sort+asc&stats=true&f.subject_topic_facet.facet.limit=21&f.series_facet.facet.sort=count&fl=*&f.subject_geo_facet.facet.sort=count&f.genre_facet.facet.limit=11&facet.field=is_electronic_facet&facet.field=format&facet.field=pub_date_sort&facet.field=subject_topic_facet&facet.field=language_facet&facet.field=lc_1letter_facet&facet.field=subject_geo_facet&facet.field=subject_era_facet&facet.field=subject_name_facet&facet.field=genre_facet&facet.field=series_facet&facet.field=record_source_facet&f.record_source_facet.facet.limit=11&qt=search&f.subject_topic_facet.facet.sort=count&f.genre_facet.facet.sort=count&f.language_facet.facet.sort=count&f.language_facet.facet.limit=11&f.subject_name_facet.facet.sort=count&wt=ruby&rows=10&f.subject_name_facet.facet.limit=11&f.subject_geo_facet.facet.limit=11&stats.field=pub_date_sort&q={!lucene}id:(ocn959618722)&f.subject_era_facet.facet.sort=count&f.subject_era_facet.facet.limit=11} hits=1 status=0 QTime=119 
1598381 [qtp1587779925-19] INFO  org.apache.solr.core.SolrCore  – [blacklight-core] webapp=/solr path=/select params={spellcheck=false&facet=true&f.series_facet.facet.limit=11&sort=score+desc,+pub_date_sort+desc,+title_sort+asc&stats=true&f.subject_topic_facet.facet.limit=21&f.series_facet.facet.sort=count&fl=*&f.subject_geo_facet.facet.sort=count&f.genre_facet.facet.limit=11&facet.field=is_electronic_facet&facet.field=format&facet.field=pub_date_sort&facet.field=subject_topic_facet&facet.field=language_facet&facet.field=lc_1letter_facet&facet.field=subject_geo_facet&facet.field=subject_era_facet&facet.field=subject_name_facet&facet.field=genre_facet&facet.field=series_facet&facet.field=record_source_facet&f.record_source_facet.facet.limit=11&qt=search&f.subject_topic_facet.facet.sort=count&f.genre_facet.facet.sort=count&f.language_facet.facet.sort=count&f.language_facet.facet.limit=11&f.subject_name_facet.facet.sort=count&wt=ruby&rows=10&f.subject_name_facet.facet.limit=11&f.subject_geo_facet.facet.limit=11&stats.field=pub_date_sort&q={!lucene}id:(ocn959618722)&f.subject_era_facet.facet.sort=count&f.subject_era_facet.facet.limit=11} hits=1 status=0 QTime=50 
1604182 [qtp1587779925-11] INFO  org.apache.solr.core.SolrCore  – [blacklight-core] webapp=/solr path=/select params={spellcheck=false&facet=true&f.series_facet.facet.limit=11&sort=score+desc,+pub_date_sort+desc,+title_sort+asc&stats=true&f.subject_topic_facet.facet.limit=21&f.series_facet.facet.sort=count&fl=*&f.subject_geo_facet.facet.sort=count&f.genre_facet.facet.limit=11&facet.field=is_electronic_facet&facet.field=format&facet.field=pub_date_sort&facet.field=subject_topic_facet&facet.field=language_facet&facet.field=lc_1letter_facet&facet.field=subject_geo_facet&facet.field=subject_era_facet&facet.field=subject_name_facet&facet.field=genre_facet&facet.field=series_facet&facet.field=record_source_facet&f.record_source_facet.facet.limit=11&qt=search&f.subject_topic_facet.facet.sort=count&f.genre_facet.facet.sort=count&f.language_facet.facet.sort=count&f.language_facet.facet.limit=11&f.subject_name_facet.facet.sort=count&wt=ruby&rows=10&f.subject_name_facet.facet.limit=11&f.subject_geo_facet.facet.limit=11&stats.field=pub_date_sort&q={!lucene}id:(ocn959618722)&f.subject_era_facet.facet.sort=count&f.subject_era_facet.facet.limit=11} hits=1 status=0 QTime=48 
1609802 [qtp1587779925-15] INFO  org.apache.solr.core.SolrCore  – [blacklight-core] webapp=/solr path=/select params={spellcheck=false&facet=true&f.series_facet.facet.limit=11&sort=score+desc,+pub_date_sort+desc,+title_sort+asc&stats=true&f.subject_topic_facet.facet.limit=21&f.series_facet.facet.sort=count&fl=*&f.subject_geo_facet.facet.sort=count&f.genre_facet.facet.limit=11&facet.field=is_electronic_facet&facet.field=format&facet.field=pub_date_sort&facet.field=subject_topic_facet&facet.field=language_facet&facet.field=lc_1letter_facet&facet.field=subject_geo_facet&facet.field=subject_era_facet&facet.field=subject_name_facet&facet.field=genre_facet&facet.field=series_facet&facet.field=record_source_facet&f.record_source_facet.facet.limit=11&qt=search&f.subject_topic_facet.facet.sort=count&f.genre_facet.facet.sort=count&f.language_facet.facet.sort=count&f.language_facet.facet.limit=11&f.subject_name_facet.facet.sort=count&wt=ruby&rows=10&f.subject_name_facet.facet.limit=11&f.subject_geo_facet.facet.limit=11&stats.field=pub_date_sort&q={!lucene}id:(ocn959618722)&f.subject_era_facet.facet.sort=count&f.subject_era_facet.facet.limit=11} hits=1 status=0 QTime=48 
2216631 [qtp1587779925-17] INFO  org.apache.solr.core.SolrCore  – [blacklight-core] webapp=/solr path=/select params={spellcheck=false&facet=true&f.series_facet.facet.limit=11&sort=score+desc,+pub_date_sort+desc,+title_sort+asc&stats=true&f.subject_topic_facet.facet.limit=21&f.series_facet.facet.sort=count&fl=*&f.subject_geo_facet.facet.sort=count&f.genre_facet.facet.limit=11&facet.field=is_electronic_facet&facet.field=format&facet.field=pub_date_sort&facet.field=subject_topic_facet&facet.field=language_facet&facet.field=lc_1letter_facet&facet.field=subject_geo_facet&facet.field=subject_era_facet&facet.field=subject_name_facet&facet.field=genre_facet&facet.field=series_facet&facet.field=record_source_facet&f.record_source_facet.facet.limit=11&qt=search&f.subject_topic_facet.facet.sort=count&f.genre_facet.facet.sort=count&f.language_facet.facet.sort=count&f.language_facet.facet.limit=11&f.subject_name_facet.facet.sort=count&wt=ruby&rows=10&f.subject_name_facet.facet.limit=11&f.subject_geo_facet.facet.limit=11&stats.field=pub_date_sort&q={!lucene}id:(ocn959618722)&f.subject_era_facet.facet.sort=count&f.subject_era_facet.facet.limit=11} hits=1 status=0 QTime=49 
2257378 [qtp1587779925-19] INFO  org.apache.solr.core.SolrCore  – [blacklight-core] webapp=/solr path=/select params={spellcheck=false&facet=true&f.series_facet.facet.limit=11&sort=score+desc,+pub_date_sort+desc,+title_sort+asc&stats=true&f.subject_topic_facet.facet.limit=21&f.series_facet.facet.sort=count&fl=*&f.subject_geo_facet.facet.sort=count&f.genre_facet.facet.limit=11&facet.field=is_electronic_facet&facet.field=format&facet.field=pub_date_sort&facet.field=subject_topic_facet&facet.field=language_facet&facet.field=lc_1letter_facet&facet.field=subject_geo_facet&facet.field=subject_era_facet&facet.field=subject_name_facet&facet.field=genre_facet&facet.field=series_facet&facet.field=record_source_facet&f.record_source_facet.facet.limit=11&qt=search&f.subject_topic_facet.facet.sort=count&f.genre_facet.facet.sort=count&f.language_facet.facet.sort=count&f.language_facet.facet.limit=11&f.subject_name_facet.facet.sort=count&wt=ruby&rows=10&f.subject_name_facet.facet.limit=11&f.subject_geo_facet.facet.limit=11&stats.field=pub_date_sort&q={!lucene}id:(ocn959618722)&f.subject_era_facet.facet.sort=count&f.subject_era_facet.facet.limit=11} hits=1 status=0 QTime=39 
2529351 [qtp1587779925-12] INFO  org.apache.solr.core.SolrCore  – [blacklight-core] webapp=/solr path=/select params={spellcheck=false&facet=true&f.series_facet.facet.limit=11&sort=score+desc,+pub_date_sort+desc,+title_sort+asc&stats=true&f.subject_topic_facet.facet.limit=21&f.series_facet.facet.sort=count&fl=*&f.subject_geo_facet.facet.sort=count&f.genre_facet.facet.limit=11&facet.field=is_electronic_facet&facet.field=format&facet.field=pub_date_sort&facet.field=subject_topic_facet&facet.field=language_facet&facet.field=lc_1letter_facet&facet.field=subject_geo_facet&facet.field=subject_era_facet&facet.field=subject_name_facet&facet.field=genre_facet&facet.field=series_facet&facet.field=record_source_facet&f.record_source_facet.facet.limit=11&qt=search&f.subject_topic_facet.facet.sort=count&f.genre_facet.facet.sort=count&f.language_facet.facet.sort=count&f.language_facet.facet.limit=11&f.subject_name_facet.facet.sort=count&wt=ruby&rows=10&f.subject_name_facet.facet.limit=11&f.subject_geo_facet.facet.limit=11&stats.field=pub_date_sort&q={!lucene}id:(ocn959618722)&f.subject_era_facet.facet.sort=count&f.subject_era_facet.facet.limit=11} hits=1 status=0 QTime=130 
2535803 [qtp1587779925-14] INFO  org.apache.solr.core.SolrCore  – [blacklight-core] webapp=/solr path=/select params={spellcheck=false&facet=true&f.series_facet.facet.limit=11&sort=score+desc,+pub_date_sort+desc,+title_sort+asc&stats=true&f.subject_topic_facet.facet.limit=21&f.series_facet.facet.sort=count&fl=*&f.subject_geo_facet.facet.sort=count&f.genre_facet.facet.limit=11&facet.field=is_electronic_facet&facet.field=format&facet.field=pub_date_sort&facet.field=subject_topic_facet&facet.field=language_facet&facet.field=lc_1letter_facet&facet.field=subject_geo_facet&facet.field=subject_era_facet&facet.field=subject_name_facet&facet.field=genre_facet&facet.field=series_facet&facet.field=record_source_facet&f.record_source_facet.facet.limit=11&qt=search&f.subject_topic_facet.facet.sort=count&f.genre_facet.facet.sort=count&f.language_facet.facet.sort=count&f.language_facet.facet.limit=11&f.subject_name_facet.facet.sort=count&wt=ruby&rows=10&f.subject_name_facet.facet.limit=11&f.subject_geo_facet.facet.limit=11&stats.field=pub_date_sort&q={!lucene}id:(ocn959618722)&f.subject_era_facet.facet.sort=count&f.subject_era_facet.facet.limit=11} hits=1 status=0 QTime=58 
2620159 [qtp1587779925-11] INFO  org.apache.solr.core.SolrCore  – [blacklight-core] webapp=/solr path=/select params={id=ocn959618722&qt=document&wt=ruby} hits=1 status=0 QTime=3 
2620348 [qtp1587779925-15] INFO  org.apache.solr.core.SolrCore  – [blacklight-core] webapp=/solr path=/select params={facet=false&sort=score+desc,+pub_date_sort+desc,+title_sort+asc&f.series_facet.facet.limit=11&f.language_facet.facet.sort=count&stats=true&f.subject_topic_facet.facet.limit=21&f.language_facet.facet.limit=11&f.subject_name_facet.facet.sort=count&wt=ruby&rows=2&f.series_facet.facet.sort=count&f.subject_name_facet.facet.limit=11&fl=*&f.subject_geo_facet.facet.limit=11&stats.field=pub_date_sort&f.subject_geo_facet.facet.sort=count&f.genre_facet.facet.limit=11&f.record_source_facet.facet.limit=11&f.subject_era_facet.facet.sort=count&facet.field=is_electronic_facet&facet.field=format&facet.field=pub_date_sort&facet.field=subject_topic_facet&facet.field=language_facet&facet.field=lc_1letter_facet&facet.field=subject_geo_facet&facet.field=subject_era_facet&facet.field=subject_name_facet&facet.field=genre_facet&facet.field=series_facet&facet.field=record_source_facet&qt=search&f.subject_topic_facet.facet.sort=count&f.genre_facet.facet.sort=count&f.subject_era_facet.facet.limit=11} hits=12630 status=0 QTime=49 
2624832 [qtp1587779925-17] INFO  org.apache.solr.core.SolrCore  – [blacklight-core] webapp=/solr path=/select params={id=ocn959618722&qt=document&wt=ruby} hits=1 status=0 QTime=2 
2624875 [qtp1587779925-12] INFO  org.apache.solr.core.SolrCore  – [blacklight-core] webapp=/solr path=/select params={facet=false&sort=score+desc,+pub_date_sort+desc,+title_sort+asc&f.series_facet.facet.limit=11&f.language_facet.facet.sort=count&stats=true&f.subject_topic_facet.facet.limit=21&f.language_facet.facet.limit=11&f.subject_name_facet.facet.sort=count&wt=ruby&rows=2&f.series_facet.facet.sort=count&f.subject_name_facet.facet.limit=11&fl=*&f.subject_geo_facet.facet.limit=11&stats.field=pub_date_sort&f.subject_geo_facet.facet.sort=count&f.genre_facet.facet.limit=11&f.record_source_facet.facet.limit=11&f.subject_era_facet.facet.sort=count&facet.field=is_electronic_facet&facet.field=format&facet.field=pub_date_sort&facet.field=subject_topic_facet&facet.field=language_facet&facet.field=lc_1letter_facet&facet.field=subject_geo_facet&facet.field=subject_era_facet&facet.field=subject_name_facet&facet.field=genre_facet&facet.field=series_facet&facet.field=record_source_facet&qt=search&f.subject_topic_facet.facet.sort=count&f.genre_facet.facet.sort=count&f.subject_era_facet.facet.limit=11} hits=12630 status=0 QTime=28 
2633577 [qtp1587779925-14] INFO  org.apache.solr.core.SolrCore  – [blacklight-core] webapp=/solr path=/select params={spellcheck=false&facet=true&f.series_facet.facet.limit=11&sort=score+desc,+pub_date_sort+desc,+title_sort+asc&stats=true&f.subject_topic_facet.facet.limit=21&f.series_facet.facet.sort=count&fl=*&f.subject_geo_facet.facet.sort=count&f.genre_facet.facet.limit=11&facet.field=is_electronic_facet&facet.field=format&facet.field=pub_date_sort&facet.field=subject_topic_facet&facet.field=language_facet&facet.field=lc_1letter_facet&facet.field=subject_geo_facet&facet.field=subject_era_facet&facet.field=subject_name_facet&facet.field=genre_facet&facet.field=series_facet&facet.field=record_source_facet&f.record_source_facet.facet.limit=11&qt=search&f.subject_topic_facet.facet.sort=count&f.genre_facet.facet.sort=count&f.language_facet.facet.sort=count&f.language_facet.facet.limit=11&f.subject_name_facet.facet.sort=count&wt=ruby&rows=10&f.subject_name_facet.facet.limit=11&f.subject_geo_facet.facet.limit=11&stats.field=pub_date_sort&q={!lucene}id:(ocn959618722)&f.subject_era_facet.facet.sort=count&f.subject_era_facet.facet.limit=11} hits=1 status=0 QTime=49 
2655943 [qtp1587779925-13] INFO  org.apache.solr.core.SolrCore  – [blacklight-core] webapp=/solr path=/select params={spellcheck=false&facet=true&f.series_facet.facet.limit=11&sort=score+desc,+pub_date_sort+desc,+title_sort+asc&stats=true&f.subject_topic_facet.facet.limit=21&f.series_facet.facet.sort=count&fl=*&f.subject_geo_facet.facet.sort=count&f.genre_facet.facet.limit=11&facet.field=is_electronic_facet&facet.field=format&facet.field=pub_date_sort&facet.field=subject_topic_facet&facet.field=language_facet&facet.field=lc_1letter_facet&facet.field=subject_geo_facet&facet.field=subject_era_facet&facet.field=subject_name_facet&facet.field=genre_facet&facet.field=series_facet&facet.field=record_source_facet&f.record_source_facet.facet.limit=11&qt=search&f.subject_topic_facet.facet.sort=count&f.genre_facet.facet.sort=count&f.language_facet.facet.sort=count&f.language_facet.facet.limit=11&f.subject_name_facet.facet.sort=count&wt=ruby&rows=10&f.subject_name_facet.facet.limit=11&f.subject_geo_facet.facet.limit=11&stats.field=pub_date_sort&q={!lucene}id:(ocn959618722)&f.subject_era_facet.facet.sort=count&f.subject_era_facet.facet.limit=11} hits=1 status=0 QTime=64 
2766753 [qtp1587779925-13] INFO  org.apache.solr.core.SolrCore  – [blacklight-core] webapp=/solr path=/select params={facet=true&sort=score+desc,+pub_date_sort+desc,+title_sort+asc&f.series_facet.facet.limit=11&f.language_facet.facet.sort=count&stats=true&f.subject_topic_facet.facet.limit=21&f.language_facet.facet.limit=11&f.subject_name_facet.facet.sort=count&wt=ruby&rows=10&f.series_facet.facet.sort=count&f.subject_name_facet.facet.limit=11&fl=*&f.subject_geo_facet.facet.limit=11&stats.field=pub_date_sort&f.subject_geo_facet.facet.sort=count&f.genre_facet.facet.limit=11&f.record_source_facet.facet.limit=11&f.subject_era_facet.facet.sort=count&facet.field=is_electronic_facet&facet.field=format&facet.field=pub_date_sort&facet.field=subject_topic_facet&facet.field=language_facet&facet.field=lc_1letter_facet&facet.field=subject_geo_facet&facet.field=subject_era_facet&facet.field=subject_name_facet&facet.field=genre_facet&facet.field=series_facet&facet.field=record_source_facet&qt=search&fq={!term+f%3Dformat}Book&f.subject_topic_facet.facet.sort=count&f.genre_facet.facet.sort=count&f.subject_era_facet.facet.limit=11} hits=11767 status=0 QTime=216 
2770363 [qtp1587779925-18] INFO  org.apache.solr.core.SolrCore  – [blacklight-core] webapp=/solr path=/select params={facet=true&sort=score+desc,+pub_date_sort+desc,+title_sort+asc&f.series_facet.facet.limit=11&f.language_facet.facet.sort=count&f.subject_topic_facet.facet.limit=21&f.language_facet.facet.limit=11&f.subject_name_facet.facet.sort=count&wt=ruby&rows=0&f.series_facet.facet.sort=count&f.subject_name_facet.facet.limit=11&fl=*&f.subject_geo_facet.facet.limit=11&facet.query=pub_date_sort:[1599+TO+1599]&facet.query=pub_date_sort:[1600+TO+1649]&facet.query=pub_date_sort:[1650+TO+1699]&facet.query=pub_date_sort:[1700+TO+1749]&facet.query=pub_date_sort:[1750+TO+1799]&facet.query=pub_date_sort:[1800+TO+1849]&facet.query=pub_date_sort:[1850+TO+1899]&facet.query=pub_date_sort:[1900+TO+1949]&facet.query=pub_date_sort:[1950+TO+1999]&facet.query=pub_date_sort:[2000+TO+2012]&f.subject_geo_facet.facet.sort=count&f.genre_facet.facet.limit=11&f.record_source_facet.facet.limit=11&f.subject_era_facet.facet.sort=count&qt=search&fq={!term+f%3Dformat}Book&f.subject_topic_facet.facet.sort=count&f.genre_facet.facet.sort=count&f.subject_era_facet.facet.limit=11} hits=11767 status=0 QTime=85 
2774264 [qtp1587779925-16] INFO  org.apache.solr.core.SolrCore  – [blacklight-core] webapp=/solr path=/select params={id=165657&qt=document&wt=ruby} hits=1 status=0 QTime=2 
2774315 [qtp1587779925-19] INFO  org.apache.solr.core.SolrCore  – [blacklight-core] webapp=/solr path=/select params={facet=false&sort=score+desc,+pub_date_sort+desc,+title_sort+asc&f.series_facet.facet.limit=11&f.language_facet.facet.sort=count&stats=true&f.subject_topic_facet.facet.limit=21&f.language_facet.facet.limit=11&f.subject_name_facet.facet.sort=count&wt=ruby&rows=2&f.series_facet.facet.sort=count&f.subject_name_facet.facet.limit=11&fl=*&f.subject_geo_facet.facet.limit=11&stats.field=pub_date_sort&f.subject_geo_facet.facet.sort=count&f.genre_facet.facet.limit=11&f.record_source_facet.facet.limit=11&f.subject_era_facet.facet.sort=count&facet.field=is_electronic_facet&facet.field=format&facet.field=pub_date_sort&facet.field=subject_topic_facet&facet.field=language_facet&facet.field=lc_1letter_facet&facet.field=subject_geo_facet&facet.field=subject_era_facet&facet.field=subject_name_facet&facet.field=genre_facet&facet.field=series_facet&facet.field=record_source_facet&qt=search&fq={!term+f%3Dformat}Book&f.subject_topic_facet.facet.sort=count&f.genre_facet.facet.sort=count&f.subject_era_facet.facet.limit=11} hits=11767 status=0 QTime=34 
2822503 [qtp1587779925-13] INFO  org.apache.solr.core.SolrCore  – [blacklight-core] webapp=/solr path=/select params={spellcheck=false&facet=true&f.series_facet.facet.limit=11&sort=score+desc,+pub_date_sort+desc,+title_sort+asc&stats=true&f.subject_topic_facet.facet.limit=21&f.series_facet.facet.sort=count&fl=*&f.subject_geo_facet.facet.sort=count&f.genre_facet.facet.limit=11&facet.field=is_electronic_facet&facet.field=format&facet.field=pub_date_sort&facet.field=subject_topic_facet&facet.field=language_facet&facet.field=lc_1letter_facet&facet.field=subject_geo_facet&facet.field=subject_era_facet&facet.field=subject_name_facet&facet.field=genre_facet&facet.field=series_facet&facet.field=record_source_facet&f.record_source_facet.facet.limit=11&qt=search&f.subject_topic_facet.facet.sort=count&f.genre_facet.facet.sort=count&f.language_facet.facet.sort=count&f.language_facet.facet.limit=11&f.subject_name_facet.facet.sort=count&wt=ruby&rows=10&f.subject_name_facet.facet.limit=11&f.subject_geo_facet.facet.limit=11&stats.field=pub_date_sort&q={!lucene}id:(165657)&f.subject_era_facet.facet.sort=count&f.subject_era_facet.facet.limit=11} hits=1 status=0 QTime=44 
2828950 [qtp1587779925-18] INFO  org.apache.solr.core.SolrCore  – [blacklight-core] webapp=/solr path=/select params={spellcheck=false&facet=true&f.series_facet.facet.limit=11&sort=score+desc,+pub_date_sort+desc,+title_sort+asc&stats=true&f.subject_topic_facet.facet.limit=21&f.series_facet.facet.sort=count&fl=*&f.subject_geo_facet.facet.sort=count&f.genre_facet.facet.limit=11&facet.field=is_electronic_facet&facet.field=format&facet.field=pub_date_sort&facet.field=subject_topic_facet&facet.field=language_facet&facet.field=lc_1letter_facet&facet.field=subject_geo_facet&facet.field=subject_era_facet&facet.field=subject_name_facet&facet.field=genre_facet&facet.field=series_facet&facet.field=record_source_facet&f.record_source_facet.facet.limit=11&qt=search&f.subject_topic_facet.facet.sort=count&f.genre_facet.facet.sort=count&f.language_facet.facet.sort=count&f.language_facet.facet.limit=11&f.subject_name_facet.facet.sort=count&wt=ruby&rows=10&f.subject_name_facet.facet.limit=11&f.subject_geo_facet.facet.limit=11&stats.field=pub_date_sort&q={!lucene}id:(165657)&f.subject_era_facet.facet.sort=count&f.subject_era_facet.facet.limit=11} hits=1 status=0 QTime=171 
